INFO - 2023-05-13 08:59:03 --> Session: Class initialized using 'CodeIgniter\Session\Handlers\FileHandler' driver.
WARNING - 2023-05-13 08:59:03 --> Session: Sessions is enabled, and one exists.Please don't $session->start();
INFO - 2023-05-13 09:35:14 --> Session: Class initialized using 'CodeIgniter\Session\Handlers\FileHandler' driver.
WARNING - 2023-05-13 09:35:14 --> Session: Sessions is enabled, and one exists.Please don't $session->start();
ERROR - 2023-05-13 09:35:14 --> Error connecting to the database: mysqli_sql_exception: Access denied for user 'root'@'localhost' (using password: YES) in C:\xampp\htdocs\febi\system\Database\MySQLi\Connection.php:171
Stack trace:
#0 C:\xampp\htdocs\febi\system\Database\MySQLi\Connection.php(171): mysqli->real_connect('localhost', 'root', '321', 'febi', 3306, '', 0)
#1 C:\xampp\htdocs\febi\system\Database\BaseConnection.php(382): CodeIgniter\Database\MySQLi\Connection->connect(false)
#2 C:\xampp\htdocs\febi\system\Database\BaseConnection.php(561): CodeIgniter\Database\BaseConnection->initialize()
#3 C:\xampp\htdocs\febi\system\Database\BaseBuilder.php(1585): CodeIgniter\Database\BaseConnection->query('SELECT *\nFROM `...', Array, false)
#4 C:\xampp\htdocs\febi\app\Models\Usersmodel.php(16): CodeIgniter\Database\BaseBuilder->get()
#5 C:\xampp\htdocs\febi\app\Controllers\Login.php(50): App\Models\Usersmodel->checklogin('siswa', 'e10adc3949ba59a...')
#6 C:\xampp\htdocs\febi\system\CodeIgniter.php(927): App\Controllers\Login->checklogin()
#7 C:\xampp\htdocs\febi\system\CodeIgniter.php(482): CodeIgniter\CodeIgniter->runController(Object(App\Controllers\Login))
#8 C:\xampp\htdocs\febi\system\CodeIgniter.php(351): CodeIgniter\CodeIgniter->handleRequest(NULL, Object(Config\Cache), false)
#9 C:\xampp\htdocs\febi\public\index.php(67): CodeIgniter\CodeIgniter->run()
#10 C:\xampp\htdocs\febi\system\Commands\Server\rewrite.php(46): require_once('C:\\xampp\\htdocs...')
#11 {main}

Next CodeIgniter\Database\Exceptions\DatabaseException: Access denied for user '****'@'localhost' (using password: YES) in C:\xampp\htdocs\febi\system\Database\MySQLi\Connection.php:215
Stack trace:
#0 C:\xampp\htdocs\febi\system\Database\BaseConnection.php(382): CodeIgniter\Database\MySQLi\Connection->connect(false)
#1 C:\xampp\htdocs\febi\system\Database\BaseConnection.php(561): CodeIgniter\Database\BaseConnection->initialize()
#2 C:\xampp\htdocs\febi\system\Database\BaseBuilder.php(1585): CodeIgniter\Database\BaseConnection->query('SELECT *\nFROM `...', Array, false)
#3 C:\xampp\htdocs\febi\app\Models\Usersmodel.php(16): CodeIgniter\Database\BaseBuilder->get()
#4 C:\xampp\htdocs\febi\app\Controllers\Login.php(50): App\Models\Usersmodel->checklogin('siswa', 'e10adc3949ba59a...')
#5 C:\xampp\htdocs\febi\system\CodeIgniter.php(927): App\Controllers\Login->checklogin()
#6 C:\xampp\htdocs\febi\system\CodeIgniter.php(482): CodeIgniter\CodeIgniter->runController(Object(App\Controllers\Login))
#7 C:\xampp\htdocs\febi\system\CodeIgniter.php(351): CodeIgniter\CodeIgniter->handleRequest(NULL, Object(Config\Cache), false)
#8 C:\xampp\htdocs\febi\public\index.php(67): CodeIgniter\CodeIgniter->run()
#9 C:\xampp\htdocs\febi\system\Commands\Server\rewrite.php(46): require_once('C:\\xampp\\htdocs...')
#10 {main}
CRITICAL - 2023-05-13 09:35:14 --> Unable to connect to the database.
Main connection [MySQLi]: Access denied for user '****'@'localhost' (using password: YES)
in SYSTEMPATH\Database\BaseConnection.php on line 418.
 1 SYSTEMPATH\Database\BaseConnection.php(561): CodeIgniter\Database\BaseConnection->initialize()
 2 SYSTEMPATH\Database\BaseBuilder.php(1585): CodeIgniter\Database\BaseConnection->query('SELECT *
FROM `users`
WHERE `user_nm` = :user_nm:
AND `pwd0` = :pwd0:', [...], false)
 3 APPPATH\Models\Usersmodel.php(16): CodeIgniter\Database\BaseBuilder->get()
 4 APPPATH\Controllers\Login.php(50): App\Models\Usersmodel->checklogin('siswa', 'e10adc3949ba59abbe56e057f20f883e')
 5 SYSTEMPATH\CodeIgniter.php(927): App\Controllers\Login->checklogin()
 6 SYSTEMPATH\CodeIgniter.php(482): CodeIgniter\CodeIgniter->runController(Object(App\Controllers\Login))
 7 SYSTEMPATH\CodeIgniter.php(351): CodeIgniter\CodeIgniter->handleRequest(null, Object(Config\Cache), false)
 8 FCPATH\index.php(67): CodeIgniter\CodeIgniter->run()
 9 SYSTEMPATH\Commands\Server\rewrite.php(46): require_once('FCPATH\\index.php')
INFO - 2023-05-13 09:35:17 --> Session: Class initialized using 'CodeIgniter\Session\Handlers\FileHandler' driver.
WARNING - 2023-05-13 09:35:17 --> Session: Sessions is enabled, and one exists.Please don't $session->start();
INFO - 2023-05-13 09:39:59 --> Session: Class initialized using 'CodeIgniter\Session\Handlers\FileHandler' driver.
WARNING - 2023-05-13 09:39:59 --> Session: Sessions is enabled, and one exists.Please don't $session->start();
ERROR - 2023-05-13 09:39:59 --> Error connecting to the database: mysqli_sql_exception: Access denied for user 'root'@'localhost' (using password: YES) in C:\xampp\htdocs\febi\system\Database\MySQLi\Connection.php:171
Stack trace:
#0 C:\xampp\htdocs\febi\system\Database\MySQLi\Connection.php(171): mysqli->real_connect('localhost', 'root', '321', 'febi', 3306, '', 0)
#1 C:\xampp\htdocs\febi\system\Database\BaseConnection.php(382): CodeIgniter\Database\MySQLi\Connection->connect(false)
#2 C:\xampp\htdocs\febi\system\Database\BaseConnection.php(561): CodeIgniter\Database\BaseConnection->initialize()
#3 C:\xampp\htdocs\febi\system\Database\BaseBuilder.php(1585): CodeIgniter\Database\BaseConnection->query('SELECT *\nFROM `...', Array, false)
#4 C:\xampp\htdocs\febi\app\Models\Usersmodel.php(16): CodeIgniter\Database\BaseBuilder->get()
#5 C:\xampp\htdocs\febi\app\Controllers\Login.php(50): App\Models\Usersmodel->checklogin('siswa', 'e10adc3949ba59a...')
#6 C:\xampp\htdocs\febi\system\CodeIgniter.php(927): App\Controllers\Login->checklogin()
#7 C:\xampp\htdocs\febi\system\CodeIgniter.php(482): CodeIgniter\CodeIgniter->runController(Object(App\Controllers\Login))
#8 C:\xampp\htdocs\febi\system\CodeIgniter.php(351): CodeIgniter\CodeIgniter->handleRequest(NULL, Object(Config\Cache), false)
#9 C:\xampp\htdocs\febi\public\index.php(67): CodeIgniter\CodeIgniter->run()
#10 C:\xampp\htdocs\febi\system\Commands\Server\rewrite.php(46): require_once('C:\\xampp\\htdocs...')
#11 {main}

Next CodeIgniter\Database\Exceptions\DatabaseException: Access denied for user '****'@'localhost' (using password: YES) in C:\xampp\htdocs\febi\system\Database\MySQLi\Connection.php:215
Stack trace:
#0 C:\xampp\htdocs\febi\system\Database\BaseConnection.php(382): CodeIgniter\Database\MySQLi\Connection->connect(false)
#1 C:\xampp\htdocs\febi\system\Database\BaseConnection.php(561): CodeIgniter\Database\BaseConnection->initialize()
#2 C:\xampp\htdocs\febi\system\Database\BaseBuilder.php(1585): CodeIgniter\Database\BaseConnection->query('SELECT *\nFROM `...', Array, false)
#3 C:\xampp\htdocs\febi\app\Models\Usersmodel.php(16): CodeIgniter\Database\BaseBuilder->get()
#4 C:\xampp\htdocs\febi\app\Controllers\Login.php(50): App\Models\Usersmodel->checklogin('siswa', 'e10adc3949ba59a...')
#5 C:\xampp\htdocs\febi\system\CodeIgniter.php(927): App\Controllers\Login->checklogin()
#6 C:\xampp\htdocs\febi\system\CodeIgniter.php(482): CodeIgniter\CodeIgniter->runController(Object(App\Controllers\Login))
#7 C:\xampp\htdocs\febi\system\CodeIgniter.php(351): CodeIgniter\CodeIgniter->handleRequest(NULL, Object(Config\Cache), false)
#8 C:\xampp\htdocs\febi\public\index.php(67): CodeIgniter\CodeIgniter->run()
#9 C:\xampp\htdocs\febi\system\Commands\Server\rewrite.php(46): require_once('C:\\xampp\\htdocs...')
#10 {main}
CRITICAL - 2023-05-13 09:39:59 --> Unable to connect to the database.
Main connection [MySQLi]: Access denied for user '****'@'localhost' (using password: YES)
in SYSTEMPATH\Database\BaseConnection.php on line 418.
 1 SYSTEMPATH\Database\BaseConnection.php(561): CodeIgniter\Database\BaseConnection->initialize()
 2 SYSTEMPATH\Database\BaseBuilder.php(1585): CodeIgniter\Database\BaseConnection->query('SELECT *
FROM `users`
WHERE `user_nm` = :user_nm:
AND `pwd0` = :pwd0:', [...], false)
 3 APPPATH\Models\Usersmodel.php(16): CodeIgniter\Database\BaseBuilder->get()
 4 APPPATH\Controllers\Login.php(50): App\Models\Usersmodel->checklogin('siswa', 'e10adc3949ba59abbe56e057f20f883e')
 5 SYSTEMPATH\CodeIgniter.php(927): App\Controllers\Login->checklogin()
 6 SYSTEMPATH\CodeIgniter.php(482): CodeIgniter\CodeIgniter->runController(Object(App\Controllers\Login))
 7 SYSTEMPATH\CodeIgniter.php(351): CodeIgniter\CodeIgniter->handleRequest(null, Object(Config\Cache), false)
 8 FCPATH\index.php(67): CodeIgniter\CodeIgniter->run()
 9 SYSTEMPATH\Commands\Server\rewrite.php(46): require_once('FCPATH\\index.php')
INFO - 2023-05-13 09:40:08 --> Session: Class initialized using 'CodeIgniter\Session\Handlers\FileHandler' driver.
WARNING - 2023-05-13 09:40:08 --> Session: Sessions is enabled, and one exists.Please don't $session->start();
ERROR - 2023-05-13 09:40:08 --> Error connecting to the database: mysqli_sql_exception: Access denied for user 'root'@'localhost' (using password: YES) in C:\xampp\htdocs\febi\system\Database\MySQLi\Connection.php:171
Stack trace:
#0 C:\xampp\htdocs\febi\system\Database\MySQLi\Connection.php(171): mysqli->real_connect('localhost', 'root', '321', 'febi', 3306, '', 0)
#1 C:\xampp\htdocs\febi\system\Database\BaseConnection.php(382): CodeIgniter\Database\MySQLi\Connection->connect(false)
#2 C:\xampp\htdocs\febi\system\Database\BaseConnection.php(561): CodeIgniter\Database\BaseConnection->initialize()
#3 C:\xampp\htdocs\febi\system\Database\BaseBuilder.php(1585): CodeIgniter\Database\BaseConnection->query('SELECT *\nFROM `...', Array, false)
#4 C:\xampp\htdocs\febi\app\Models\Usersmodel.php(16): CodeIgniter\Database\BaseBuilder->get()
#5 C:\xampp\htdocs\febi\app\Controllers\Login.php(50): App\Models\Usersmodel->checklogin('siswa', 'e10adc3949ba59a...')
#6 C:\xampp\htdocs\febi\system\CodeIgniter.php(927): App\Controllers\Login->checklogin()
#7 C:\xampp\htdocs\febi\system\CodeIgniter.php(482): CodeIgniter\CodeIgniter->runController(Object(App\Controllers\Login))
#8 C:\xampp\htdocs\febi\system\CodeIgniter.php(351): CodeIgniter\CodeIgniter->handleRequest(NULL, Object(Config\Cache), false)
#9 C:\xampp\htdocs\febi\public\index.php(67): CodeIgniter\CodeIgniter->run()
#10 C:\xampp\htdocs\febi\system\Commands\Server\rewrite.php(46): require_once('C:\\xampp\\htdocs...')
#11 {main}

Next CodeIgniter\Database\Exceptions\DatabaseException: Access denied for user '****'@'localhost' (using password: YES) in C:\xampp\htdocs\febi\system\Database\MySQLi\Connection.php:215
Stack trace:
#0 C:\xampp\htdocs\febi\system\Database\BaseConnection.php(382): CodeIgniter\Database\MySQLi\Connection->connect(false)
#1 C:\xampp\htdocs\febi\system\Database\BaseConnection.php(561): CodeIgniter\Database\BaseConnection->initialize()
#2 C:\xampp\htdocs\febi\system\Database\BaseBuilder.php(1585): CodeIgniter\Database\BaseConnection->query('SELECT *\nFROM `...', Array, false)
#3 C:\xampp\htdocs\febi\app\Models\Usersmodel.php(16): CodeIgniter\Database\BaseBuilder->get()
#4 C:\xampp\htdocs\febi\app\Controllers\Login.php(50): App\Models\Usersmodel->checklogin('siswa', 'e10adc3949ba59a...')
#5 C:\xampp\htdocs\febi\system\CodeIgniter.php(927): App\Controllers\Login->checklogin()
#6 C:\xampp\htdocs\febi\system\CodeIgniter.php(482): CodeIgniter\CodeIgniter->runController(Object(App\Controllers\Login))
#7 C:\xampp\htdocs\febi\system\CodeIgniter.php(351): CodeIgniter\CodeIgniter->handleRequest(NULL, Object(Config\Cache), false)
#8 C:\xampp\htdocs\febi\public\index.php(67): CodeIgniter\CodeIgniter->run()
#9 C:\xampp\htdocs\febi\system\Commands\Server\rewrite.php(46): require_once('C:\\xampp\\htdocs...')
#10 {main}
CRITICAL - 2023-05-13 09:40:08 --> Unable to connect to the database.
Main connection [MySQLi]: Access denied for user '****'@'localhost' (using password: YES)
in SYSTEMPATH\Database\BaseConnection.php on line 418.
 1 SYSTEMPATH\Database\BaseConnection.php(561): CodeIgniter\Database\BaseConnection->initialize()
 2 SYSTEMPATH\Database\BaseBuilder.php(1585): CodeIgniter\Database\BaseConnection->query('SELECT *
FROM `users`
WHERE `user_nm` = :user_nm:
AND `pwd0` = :pwd0:', [...], false)
 3 APPPATH\Models\Usersmodel.php(16): CodeIgniter\Database\BaseBuilder->get()
 4 APPPATH\Controllers\Login.php(50): App\Models\Usersmodel->checklogin('siswa', 'e10adc3949ba59abbe56e057f20f883e')
 5 SYSTEMPATH\CodeIgniter.php(927): App\Controllers\Login->checklogin()
 6 SYSTEMPATH\CodeIgniter.php(482): CodeIgniter\CodeIgniter->runController(Object(App\Controllers\Login))
 7 SYSTEMPATH\CodeIgniter.php(351): CodeIgniter\CodeIgniter->handleRequest(null, Object(Config\Cache), false)
 8 FCPATH\index.php(67): CodeIgniter\CodeIgniter->run()
 9 SYSTEMPATH\Commands\Server\rewrite.php(46): require_once('FCPATH\\index.php')
INFO - 2023-05-13 09:40:10 --> Session: Class initialized using 'CodeIgniter\Session\Handlers\FileHandler' driver.
WARNING - 2023-05-13 09:40:10 --> Session: Sessions is enabled, and one exists.Please don't $session->start();
INFO - 2023-05-13 09:40:16 --> Session: Class initialized using 'CodeIgniter\Session\Handlers\FileHandler' driver.
WARNING - 2023-05-13 09:40:16 --> Session: Sessions is enabled, and one exists.Please don't $session->start();
ERROR - 2023-05-13 09:40:16 --> Error connecting to the database: mysqli_sql_exception: Access denied for user 'root'@'localhost' (using password: YES) in C:\xampp\htdocs\febi\system\Database\MySQLi\Connection.php:171
Stack trace:
#0 C:\xampp\htdocs\febi\system\Database\MySQLi\Connection.php(171): mysqli->real_connect('localhost', 'root', '321', 'febi', 3306, '', 0)
#1 C:\xampp\htdocs\febi\system\Database\BaseConnection.php(382): CodeIgniter\Database\MySQLi\Connection->connect(false)
#2 C:\xampp\htdocs\febi\system\Database\BaseConnection.php(561): CodeIgniter\Database\BaseConnection->initialize()
#3 C:\xampp\htdocs\febi\system\Database\BaseBuilder.php(1585): CodeIgniter\Database\BaseConnection->query('SELECT *\nFROM `...', Array, false)
#4 C:\xampp\htdocs\febi\app\Models\Usersmodel.php(16): CodeIgniter\Database\BaseBuilder->get()
#5 C:\xampp\htdocs\febi\app\Controllers\Login.php(50): App\Models\Usersmodel->checklogin('admin', 'e10adc3949ba59a...')
#6 C:\xampp\htdocs\febi\system\CodeIgniter.php(927): App\Controllers\Login->checklogin()
#7 C:\xampp\htdocs\febi\system\CodeIgniter.php(482): CodeIgniter\CodeIgniter->runController(Object(App\Controllers\Login))
#8 C:\xampp\htdocs\febi\system\CodeIgniter.php(351): CodeIgniter\CodeIgniter->handleRequest(NULL, Object(Config\Cache), false)
#9 C:\xampp\htdocs\febi\public\index.php(67): CodeIgniter\CodeIgniter->run()
#10 C:\xampp\htdocs\febi\system\Commands\Server\rewrite.php(46): require_once('C:\\xampp\\htdocs...')
#11 {main}

Next CodeIgniter\Database\Exceptions\DatabaseException: Access denied for user '****'@'localhost' (using password: YES) in C:\xampp\htdocs\febi\system\Database\MySQLi\Connection.php:215
Stack trace:
#0 C:\xampp\htdocs\febi\system\Database\BaseConnection.php(382): CodeIgniter\Database\MySQLi\Connection->connect(false)
#1 C:\xampp\htdocs\febi\system\Database\BaseConnection.php(561): CodeIgniter\Database\BaseConnection->initialize()
#2 C:\xampp\htdocs\febi\system\Database\BaseBuilder.php(1585): CodeIgniter\Database\BaseConnection->query('SELECT *\nFROM `...', Array, false)
#3 C:\xampp\htdocs\febi\app\Models\Usersmodel.php(16): CodeIgniter\Database\BaseBuilder->get()
#4 C:\xampp\htdocs\febi\app\Controllers\Login.php(50): App\Models\Usersmodel->checklogin('admin', 'e10adc3949ba59a...')
#5 C:\xampp\htdocs\febi\system\CodeIgniter.php(927): App\Controllers\Login->checklogin()
#6 C:\xampp\htdocs\febi\system\CodeIgniter.php(482): CodeIgniter\CodeIgniter->runController(Object(App\Controllers\Login))
#7 C:\xampp\htdocs\febi\system\CodeIgniter.php(351): CodeIgniter\CodeIgniter->handleRequest(NULL, Object(Config\Cache), false)
#8 C:\xampp\htdocs\febi\public\index.php(67): CodeIgniter\CodeIgniter->run()
#9 C:\xampp\htdocs\febi\system\Commands\Server\rewrite.php(46): require_once('C:\\xampp\\htdocs...')
#10 {main}
CRITICAL - 2023-05-13 09:40:16 --> Unable to connect to the database.
Main connection [MySQLi]: Access denied for user '****'@'localhost' (using password: YES)
in SYSTEMPATH\Database\BaseConnection.php on line 418.
 1 SYSTEMPATH\Database\BaseConnection.php(561): CodeIgniter\Database\BaseConnection->initialize()
 2 SYSTEMPATH\Database\BaseBuilder.php(1585): CodeIgniter\Database\BaseConnection->query('SELECT *
FROM `users`
WHERE `user_nm` = :user_nm:
AND `pwd0` = :pwd0:', [...], false)
 3 APPPATH\Models\Usersmodel.php(16): CodeIgniter\Database\BaseBuilder->get()
 4 APPPATH\Controllers\Login.php(50): App\Models\Usersmodel->checklogin('admin', 'e10adc3949ba59abbe56e057f20f883e')
 5 SYSTEMPATH\CodeIgniter.php(927): App\Controllers\Login->checklogin()
 6 SYSTEMPATH\CodeIgniter.php(482): CodeIgniter\CodeIgniter->runController(Object(App\Controllers\Login))
 7 SYSTEMPATH\CodeIgniter.php(351): CodeIgniter\CodeIgniter->handleRequest(null, Object(Config\Cache), false)
 8 FCPATH\index.php(67): CodeIgniter\CodeIgniter->run()
 9 SYSTEMPATH\Commands\Server\rewrite.php(46): require_once('FCPATH\\index.php')
INFO - 2023-05-13 09:40:19 --> Session: Class initialized using 'CodeIgniter\Session\Handlers\FileHandler' driver.
WARNING - 2023-05-13 09:40:19 --> Session: Sessions is enabled, and one exists.Please don't $session->start();
INFO - 2023-05-13 09:40:48 --> Session: Class initialized using 'CodeIgniter\Session\Handlers\FileHandler' driver.
WARNING - 2023-05-13 09:40:48 --> Session: Sessions is enabled, and one exists.Please don't $session->start();
INFO - 2023-05-13 09:41:50 --> Session: Class initialized using 'CodeIgniter\Session\Handlers\FileHandler' driver.
WARNING - 2023-05-13 09:41:50 --> Session: Sessions is enabled, and one exists.Please don't $session->start();
ERROR - 2023-05-13 09:41:50 --> Error connecting to the database: mysqli_sql_exception: Access denied for user 'root'@'localhost' (using password: YES) in C:\xampp\htdocs\febi\system\Database\MySQLi\Connection.php:171
Stack trace:
#0 C:\xampp\htdocs\febi\system\Database\MySQLi\Connection.php(171): mysqli->real_connect('localhost', 'root', '321', 'febi', 3306, '', 0)
#1 C:\xampp\htdocs\febi\system\Database\BaseConnection.php(382): CodeIgniter\Database\MySQLi\Connection->connect(false)
#2 C:\xampp\htdocs\febi\system\Database\BaseConnection.php(561): CodeIgniter\Database\BaseConnection->initialize()
#3 C:\xampp\htdocs\febi\system\Database\BaseBuilder.php(1585): CodeIgniter\Database\BaseConnection->query('SELECT *\nFROM `...', Array, false)
#4 C:\xampp\htdocs\febi\app\Models\Usersmodel.php(16): CodeIgniter\Database\BaseBuilder->get()
#5 C:\xampp\htdocs\febi\app\Controllers\Login.php(50): App\Models\Usersmodel->checklogin('siswa', 'e10adc3949ba59a...')
#6 C:\xampp\htdocs\febi\system\CodeIgniter.php(927): App\Controllers\Login->checklogin()
#7 C:\xampp\htdocs\febi\system\CodeIgniter.php(482): CodeIgniter\CodeIgniter->runController(Object(App\Controllers\Login))
#8 C:\xampp\htdocs\febi\system\CodeIgniter.php(351): CodeIgniter\CodeIgniter->handleRequest(NULL, Object(Config\Cache), false)
#9 C:\xampp\htdocs\febi\public\index.php(67): CodeIgniter\CodeIgniter->run()
#10 C:\xampp\htdocs\febi\system\Commands\Server\rewrite.php(46): require_once('C:\\xampp\\htdocs...')
#11 {main}

Next CodeIgniter\Database\Exceptions\DatabaseException: Access denied for user '****'@'localhost' (using password: YES) in C:\xampp\htdocs\febi\system\Database\MySQLi\Connection.php:215
Stack trace:
#0 C:\xampp\htdocs\febi\system\Database\BaseConnection.php(382): CodeIgniter\Database\MySQLi\Connection->connect(false)
#1 C:\xampp\htdocs\febi\system\Database\BaseConnection.php(561): CodeIgniter\Database\BaseConnection->initialize()
#2 C:\xampp\htdocs\febi\system\Database\BaseBuilder.php(1585): CodeIgniter\Database\BaseConnection->query('SELECT *\nFROM `...', Array, false)
#3 C:\xampp\htdocs\febi\app\Models\Usersmodel.php(16): CodeIgniter\Database\BaseBuilder->get()
#4 C:\xampp\htdocs\febi\app\Controllers\Login.php(50): App\Models\Usersmodel->checklogin('siswa', 'e10adc3949ba59a...')
#5 C:\xampp\htdocs\febi\system\CodeIgniter.php(927): App\Controllers\Login->checklogin()
#6 C:\xampp\htdocs\febi\system\CodeIgniter.php(482): CodeIgniter\CodeIgniter->runController(Object(App\Controllers\Login))
#7 C:\xampp\htdocs\febi\system\CodeIgniter.php(351): CodeIgniter\CodeIgniter->handleRequest(NULL, Object(Config\Cache), false)
#8 C:\xampp\htdocs\febi\public\index.php(67): CodeIgniter\CodeIgniter->run()
#9 C:\xampp\htdocs\febi\system\Commands\Server\rewrite.php(46): require_once('C:\\xampp\\htdocs...')
#10 {main}
CRITICAL - 2023-05-13 09:41:50 --> Unable to connect to the database.
Main connection [MySQLi]: Access denied for user '****'@'localhost' (using password: YES)
in SYSTEMPATH\Database\BaseConnection.php on line 418.
 1 SYSTEMPATH\Database\BaseConnection.php(561): CodeIgniter\Database\BaseConnection->initialize()
 2 SYSTEMPATH\Database\BaseBuilder.php(1585): CodeIgniter\Database\BaseConnection->query('SELECT *
FROM `users`
WHERE `user_nm` = :user_nm:
AND `pwd0` = :pwd0:', [...], false)
 3 APPPATH\Models\Usersmodel.php(16): CodeIgniter\Database\BaseBuilder->get()
 4 APPPATH\Controllers\Login.php(50): App\Models\Usersmodel->checklogin('siswa', 'e10adc3949ba59abbe56e057f20f883e')
 5 SYSTEMPATH\CodeIgniter.php(927): App\Controllers\Login->checklogin()
 6 SYSTEMPATH\CodeIgniter.php(482): CodeIgniter\CodeIgniter->runController(Object(App\Controllers\Login))
 7 SYSTEMPATH\CodeIgniter.php(351): CodeIgniter\CodeIgniter->handleRequest(null, Object(Config\Cache), false)
 8 FCPATH\index.php(67): CodeIgniter\CodeIgniter->run()
 9 SYSTEMPATH\Commands\Server\rewrite.php(46): require_once('FCPATH\\index.php')
INFO - 2023-05-13 09:42:50 --> Session: Class initialized using 'CodeIgniter\Session\Handlers\FileHandler' driver.
WARNING - 2023-05-13 09:42:50 --> Session: Sessions is enabled, and one exists.Please don't $session->start();
INFO - 2023-05-13 09:42:50 --> Session: Class initialized using 'CodeIgniter\Session\Handlers\FileHandler' driver.
WARNING - 2023-05-13 09:42:50 --> Session: Sessions is enabled, and one exists.Please don't $session->start();
INFO - 2023-05-13 09:43:01 --> Session: Class initialized using 'CodeIgniter\Session\Handlers\FileHandler' driver.
WARNING - 2023-05-13 09:43:01 --> Session: Sessions is enabled, and one exists.Please don't $session->start();
INFO - 2023-05-13 09:43:01 --> Session: Class initialized using 'CodeIgniter\Session\Handlers\FileHandler' driver.
WARNING - 2023-05-13 09:43:01 --> Session: Sessions is enabled, and one exists.Please don't $session->start();
INFO - 2023-05-13 09:43:18 --> Session: Class initialized using 'CodeIgniter\Session\Handlers\FileHandler' driver.
WARNING - 2023-05-13 09:43:18 --> Session: Sessions is enabled, and one exists.Please don't $session->start();
INFO - 2023-05-13 09:43:18 --> Session: Class initialized using 'CodeIgniter\Session\Handlers\FileHandler' driver.
WARNING - 2023-05-13 09:43:18 --> Session: Sessions is enabled, and one exists.Please don't $session->start();
INFO - 2023-05-13 09:43:53 --> Session: Class initialized using 'CodeIgniter\Session\Handlers\FileHandler' driver.
WARNING - 2023-05-13 09:43:53 --> Session: Sessions is enabled, and one exists.Please don't $session->start();
INFO - 2023-05-13 09:43:53 --> Session: Class initialized using 'CodeIgniter\Session\Handlers\FileHandler' driver.
INFO - 2023-05-13 09:44:15 --> Session: Class initialized using 'CodeIgniter\Session\Handlers\FileHandler' driver.
WARNING - 2023-05-13 09:44:15 --> Session: Sessions is enabled, and one exists.Please don't $session->start();
INFO - 2023-05-13 09:44:15 --> Session: Class initialized using 'CodeIgniter\Session\Handlers\FileHandler' driver.
WARNING - 2023-05-13 09:44:15 --> Session: Sessions is enabled, and one exists.Please don't $session->start();
INFO - 2023-05-13 09:44:20 --> Session: Class initialized using 'CodeIgniter\Session\Handlers\FileHandler' driver.
WARNING - 2023-05-13 09:44:20 --> Session: Sessions is enabled, and one exists.Please don't $session->start();
INFO - 2023-05-13 09:44:21 --> Session: Class initialized using 'CodeIgniter\Session\Handlers\FileHandler' driver.
WARNING - 2023-05-13 09:44:21 --> Session: Sessions is enabled, and one exists.Please don't $session->start();
INFO - 2023-05-13 09:44:33 --> Session: Class initialized using 'CodeIgniter\Session\Handlers\FileHandler' driver.
WARNING - 2023-05-13 09:44:33 --> Session: Sessions is enabled, and one exists.Please don't $session->start();
INFO - 2023-05-13 09:44:34 --> Session: Class initialized using 'CodeIgniter\Session\Handlers\FileHandler' driver.
WARNING - 2023-05-13 09:44:34 --> Session: Sessions is enabled, and one exists.Please don't $session->start();
INFO - 2023-05-13 09:44:55 --> Session: Class initialized using 'CodeIgniter\Session\Handlers\FileHandler' driver.
WARNING - 2023-05-13 09:44:55 --> Session: Sessions is enabled, and one exists.Please don't $session->start();
INFO - 2023-05-13 09:44:55 --> Session: Class initialized using 'CodeIgniter\Session\Handlers\FileHandler' driver.
INFO - 2023-05-13 09:45:56 --> Session: Class initialized using 'CodeIgniter\Session\Handlers\FileHandler' driver.
INFO - 2023-05-13 09:46:02 --> Session: Class initialized using 'CodeIgniter\Session\Handlers\FileHandler' driver.
WARNING - 2023-05-13 09:46:02 --> Session: Sessions is enabled, and one exists.Please don't $session->start();
INFO - 2023-05-13 09:46:02 --> Session: Class initialized using 'CodeIgniter\Session\Handlers\FileHandler' driver.
WARNING - 2023-05-13 09:46:02 --> Session: Sessions is enabled, and one exists.Please don't $session->start();
INFO - 2023-05-13 09:46:07 --> Session: Class initialized using 'CodeIgniter\Session\Handlers\FileHandler' driver.
WARNING - 2023-05-13 09:46:07 --> Session: Sessions is enabled, and one exists.Please don't $session->start();
INFO - 2023-05-13 09:46:07 --> Session: Class initialized using 'CodeIgniter\Session\Handlers\FileHandler' driver.
WARNING - 2023-05-13 09:46:07 --> Session: Sessions is enabled, and one exists.Please don't $session->start();
INFO - 2023-05-13 09:46:16 --> Session: Class initialized using 'CodeIgniter\Session\Handlers\FileHandler' driver.
WARNING - 2023-05-13 09:46:16 --> Session: Sessions is enabled, and one exists.Please don't $session->start();
INFO - 2023-05-13 09:46:16 --> Session: Class initialized using 'CodeIgniter\Session\Handlers\FileHandler' driver.
WARNING - 2023-05-13 09:46:16 --> Session: Sessions is enabled, and one exists.Please don't $session->start();
INFO - 2023-05-13 09:46:30 --> Session: Class initialized using 'CodeIgniter\Session\Handlers\FileHandler' driver.
WARNING - 2023-05-13 09:46:30 --> Session: Sessions is enabled, and one exists.Please don't $session->start();
INFO - 2023-05-13 09:46:31 --> Session: Class initialized using 'CodeIgniter\Session\Handlers\FileHandler' driver.
INFO - 2023-05-13 09:46:39 --> Session: Class initialized using 'CodeIgniter\Session\Handlers\FileHandler' driver.
WARNING - 2023-05-13 09:46:39 --> Session: Sessions is enabled, and one exists.Please don't $session->start();
INFO - 2023-05-13 09:46:40 --> Session: Class initialized using 'CodeIgniter\Session\Handlers\FileHandler' driver.
WARNING - 2023-05-13 09:46:40 --> Session: Sessions is enabled, and one exists.Please don't $session->start();
INFO - 2023-05-13 09:46:48 --> Session: Class initialized using 'CodeIgniter\Session\Handlers\FileHandler' driver.
WARNING - 2023-05-13 09:46:48 --> Session: Sessions is enabled, and one exists.Please don't $session->start();
INFO - 2023-05-13 09:46:48 --> Session: Class initialized using 'CodeIgniter\Session\Handlers\FileHandler' driver.
WARNING - 2023-05-13 09:46:48 --> Session: Sessions is enabled, and one exists.Please don't $session->start();
INFO - 2023-05-13 09:47:43 --> Session: Class initialized using 'CodeIgniter\Session\Handlers\FileHandler' driver.
WARNING - 2023-05-13 09:47:43 --> Session: Sessions is enabled, and one exists.Please don't $session->start();
INFO - 2023-05-13 09:47:44 --> Session: Class initialized using 'CodeIgniter\Session\Handlers\FileHandler' driver.
WARNING - 2023-05-13 09:47:44 --> Session: Sessions is enabled, and one exists.Please don't $session->start();
INFO - 2023-05-13 09:48:51 --> Session: Class initialized using 'CodeIgniter\Session\Handlers\FileHandler' driver.
WARNING - 2023-05-13 09:48:51 --> Session: Sessions is enabled, and one exists.Please don't $session->start();
INFO - 2023-05-13 09:48:52 --> Session: Class initialized using 'CodeIgniter\Session\Handlers\FileHandler' driver.
INFO - 2023-05-13 09:49:38 --> Session: Class initialized using 'CodeIgniter\Session\Handlers\FileHandler' driver.
WARNING - 2023-05-13 09:49:38 --> Session: Sessions is enabled, and one exists.Please don't $session->start();
INFO - 2023-05-13 09:49:38 --> Session: Class initialized using 'CodeIgniter\Session\Handlers\FileHandler' driver.
WARNING - 2023-05-13 09:49:38 --> Session: Sessions is enabled, and one exists.Please don't $session->start();
INFO - 2023-05-13 09:49:40 --> Session: Class initialized using 'CodeIgniter\Session\Handlers\FileHandler' driver.
WARNING - 2023-05-13 09:49:40 --> Session: Sessions is enabled, and one exists.Please don't $session->start();
INFO - 2023-05-13 09:50:17 --> Session: Class initialized using 'CodeIgniter\Session\Handlers\FileHandler' driver.
WARNING - 2023-05-13 09:50:17 --> Session: Sessions is enabled, and one exists.Please don't $session->start();
INFO - 2023-05-13 09:50:18 --> Session: Class initialized using 'CodeIgniter\Session\Handlers\FileHandler' driver.
WARNING - 2023-05-13 09:50:18 --> Session: Sessions is enabled, and one exists.Please don't $session->start();
INFO - 2023-05-13 09:50:37 --> Session: Class initialized using 'CodeIgniter\Session\Handlers\FileHandler' driver.
WARNING - 2023-05-13 09:50:37 --> Session: Sessions is enabled, and one exists.Please don't $session->start();
INFO - 2023-05-13 09:50:37 --> Session: Class initialized using 'CodeIgniter\Session\Handlers\FileHandler' driver.
WARNING - 2023-05-13 09:50:37 --> Session: Sessions is enabled, and one exists.Please don't $session->start();
INFO - 2023-05-13 09:50:45 --> Session: Class initialized using 'CodeIgniter\Session\Handlers\FileHandler' driver.
WARNING - 2023-05-13 09:50:45 --> Session: Sessions is enabled, and one exists.Please don't $session->start();
INFO - 2023-05-13 09:50:45 --> Session: Class initialized using 'CodeIgniter\Session\Handlers\FileHandler' driver.
WARNING - 2023-05-13 09:50:45 --> Session: Sessions is enabled, and one exists.Please don't $session->start();
INFO - 2023-05-13 09:50:51 --> Session: Class initialized using 'CodeIgniter\Session\Handlers\FileHandler' driver.
WARNING - 2023-05-13 09:50:51 --> Session: Sessions is enabled, and one exists.Please don't $session->start();
INFO - 2023-05-13 09:50:51 --> Session: Class initialized using 'CodeIgniter\Session\Handlers\FileHandler' driver.
WARNING - 2023-05-13 09:50:51 --> Session: Sessions is enabled, and one exists.Please don't $session->start();
INFO - 2023-05-13 09:50:53 --> Session: Class initialized using 'CodeIgniter\Session\Handlers\FileHandler' driver.
WARNING - 2023-05-13 09:50:53 --> Session: Sessions is enabled, and one exists.Please don't $session->start();
INFO - 2023-05-13 09:50:59 --> Session: Class initialized using 'CodeIgniter\Session\Handlers\FileHandler' driver.
WARNING - 2023-05-13 09:50:59 --> Session: Sessions is enabled, and one exists.Please don't $session->start();
INFO - 2023-05-13 09:51:04 --> Session: Class initialized using 'CodeIgniter\Session\Handlers\FileHandler' driver.
WARNING - 2023-05-13 09:51:04 --> Session: Sessions is enabled, and one exists.Please don't $session->start();
INFO - 2023-05-13 09:51:04 --> Session: Class initialized using 'CodeIgniter\Session\Handlers\FileHandler' driver.
WARNING - 2023-05-13 09:51:04 --> Session: Sessions is enabled, and one exists.Please don't $session->start();
INFO - 2023-05-13 09:51:12 --> Session: Class initialized using 'CodeIgniter\Session\Handlers\FileHandler' driver.
WARNING - 2023-05-13 09:51:12 --> Session: Sessions is enabled, and one exists.Please don't $session->start();
INFO - 2023-05-13 09:51:13 --> Session: Class initialized using 'CodeIgniter\Session\Handlers\FileHandler' driver.
WARNING - 2023-05-13 09:51:13 --> Session: Sessions is enabled, and one exists.Please don't $session->start();
INFO - 2023-05-13 09:51:36 --> Session: Class initialized using 'CodeIgniter\Session\Handlers\FileHandler' driver.
WARNING - 2023-05-13 09:51:36 --> Session: Sessions is enabled, and one exists.Please don't $session->start();
INFO - 2023-05-13 09:51:36 --> Session: Class initialized using 'CodeIgniter\Session\Handlers\FileHandler' driver.
WARNING - 2023-05-13 09:51:36 --> Session: Sessions is enabled, and one exists.Please don't $session->start();
INFO - 2023-05-13 09:52:05 --> Session: Class initialized using 'CodeIgniter\Session\Handlers\FileHandler' driver.
WARNING - 2023-05-13 09:52:05 --> Session: Sessions is enabled, and one exists.Please don't $session->start();
INFO - 2023-05-13 09:52:05 --> Session: Class initialized using 'CodeIgniter\Session\Handlers\FileHandler' driver.
WARNING - 2023-05-13 09:52:05 --> Session: Sessions is enabled, and one exists.Please don't $session->start();
INFO - 2023-05-13 10:00:39 --> Session: Class initialized using 'CodeIgniter\Session\Handlers\FileHandler' driver.
WARNING - 2023-05-13 10:00:39 --> Session: Sessions is enabled, and one exists.Please don't $session->start();
INFO - 2023-05-13 10:00:45 --> Session: Class initialized using 'CodeIgniter\Session\Handlers\FileHandler' driver.
WARNING - 2023-05-13 10:00:45 --> Session: Sessions is enabled, and one exists.Please don't $session->start();
INFO - 2023-05-13 10:00:45 --> Session: Class initialized using 'CodeIgniter\Session\Handlers\FileHandler' driver.
WARNING - 2023-05-13 10:00:45 --> Session: Sessions is enabled, and one exists.Please don't $session->start();
INFO - 2023-05-13 10:00:52 --> Session: Class initialized using 'CodeIgniter\Session\Handlers\FileHandler' driver.
WARNING - 2023-05-13 10:00:52 --> Session: Sessions is enabled, and one exists.Please don't $session->start();
INFO - 2023-05-13 10:00:52 --> Session: Class initialized using 'CodeIgniter\Session\Handlers\FileHandler' driver.
WARNING - 2023-05-13 10:00:52 --> Session: Sessions is enabled, and one exists.Please don't $session->start();
INFO - 2023-05-13 10:01:02 --> Session: Class initialized using 'CodeIgniter\Session\Handlers\FileHandler' driver.
WARNING - 2023-05-13 10:01:02 --> Session: Sessions is enabled, and one exists.Please don't $session->start();
INFO - 2023-05-13 10:01:03 --> Session: Class initialized using 'CodeIgniter\Session\Handlers\FileHandler' driver.
WARNING - 2023-05-13 10:01:03 --> Session: Sessions is enabled, and one exists.Please don't $session->start();
INFO - 2023-05-13 10:04:14 --> Session: Class initialized using 'CodeIgniter\Session\Handlers\FileHandler' driver.
WARNING - 2023-05-13 10:04:14 --> Session: Sessions is enabled, and one exists.Please don't $session->start();
INFO - 2023-05-13 10:04:14 --> Session: Class initialized using 'CodeIgniter\Session\Handlers\FileHandler' driver.
WARNING - 2023-05-13 10:04:14 --> Session: Sessions is enabled, and one exists.Please don't $session->start();
INFO - 2023-05-13 10:04:19 --> Session: Class initialized using 'CodeIgniter\Session\Handlers\FileHandler' driver.
WARNING - 2023-05-13 10:04:19 --> Session: Sessions is enabled, and one exists.Please don't $session->start();
INFO - 2023-05-13 10:04:19 --> Session: Class initialized using 'CodeIgniter\Session\Handlers\FileHandler' driver.
WARNING - 2023-05-13 10:04:19 --> Session: Sessions is enabled, and one exists.Please don't $session->start();
INFO - 2023-05-13 10:04:24 --> Session: Class initialized using 'CodeIgniter\Session\Handlers\FileHandler' driver.
WARNING - 2023-05-13 10:04:24 --> Session: Sessions is enabled, and one exists.Please don't $session->start();
INFO - 2023-05-13 10:04:25 --> Session: Class initialized using 'CodeIgniter\Session\Handlers\FileHandler' driver.
WARNING - 2023-05-13 10:04:25 --> Session: Sessions is enabled, and one exists.Please don't $session->start();
INFO - 2023-05-13 10:04:28 --> Session: Class initialized using 'CodeIgniter\Session\Handlers\FileHandler' driver.
WARNING - 2023-05-13 10:04:28 --> Session: Sessions is enabled, and one exists.Please don't $session->start();
INFO - 2023-05-13 10:04:30 --> Session: Class initialized using 'CodeIgniter\Session\Handlers\FileHandler' driver.
WARNING - 2023-05-13 10:04:30 --> Session: Sessions is enabled, and one exists.Please don't $session->start();
INFO - 2023-05-13 10:04:34 --> Session: Class initialized using 'CodeIgniter\Session\Handlers\FileHandler' driver.
WARNING - 2023-05-13 10:04:34 --> Session: Sessions is enabled, and one exists.Please don't $session->start();
INFO - 2023-05-13 10:04:34 --> Session: Class initialized using 'CodeIgniter\Session\Handlers\FileHandler' driver.
WARNING - 2023-05-13 10:04:34 --> Session: Sessions is enabled, and one exists.Please don't $session->start();
INFO - 2023-05-13 10:04:35 --> Session: Class initialized using 'CodeIgniter\Session\Handlers\FileHandler' driver.
WARNING - 2023-05-13 10:04:35 --> Session: Sessions is enabled, and one exists.Please don't $session->start();
INFO - 2023-05-13 10:05:13 --> Session: Class initialized using 'CodeIgniter\Session\Handlers\FileHandler' driver.
WARNING - 2023-05-13 10:05:13 --> Session: Sessions is enabled, and one exists.Please don't $session->start();
INFO - 2023-05-13 10:05:13 --> Session: Class initialized using 'CodeIgniter\Session\Handlers\FileHandler' driver.
WARNING - 2023-05-13 10:05:13 --> Session: Sessions is enabled, and one exists.Please don't $session->start();
INFO - 2023-05-13 10:05:21 --> Session: Class initialized using 'CodeIgniter\Session\Handlers\FileHandler' driver.
WARNING - 2023-05-13 10:05:21 --> Session: Sessions is enabled, and one exists.Please don't $session->start();
INFO - 2023-05-13 10:05:21 --> Session: Class initialized using 'CodeIgniter\Session\Handlers\FileHandler' driver.
WARNING - 2023-05-13 10:05:21 --> Session: Sessions is enabled, and one exists.Please don't $session->start();
INFO - 2023-05-13 10:05:27 --> Session: Class initialized using 'CodeIgniter\Session\Handlers\FileHandler' driver.
WARNING - 2023-05-13 10:05:27 --> Session: Sessions is enabled, and one exists.Please don't $session->start();
INFO - 2023-05-13 10:05:27 --> Session: Class initialized using 'CodeIgniter\Session\Handlers\FileHandler' driver.
WARNING - 2023-05-13 10:05:27 --> Session: Sessions is enabled, and one exists.Please don't $session->start();
INFO - 2023-05-13 10:05:31 --> Session: Class initialized using 'CodeIgniter\Session\Handlers\FileHandler' driver.
WARNING - 2023-05-13 10:05:31 --> Session: Sessions is enabled, and one exists.Please don't $session->start();
INFO - 2023-05-13 10:05:31 --> Session: Class initialized using 'CodeIgniter\Session\Handlers\FileHandler' driver.
WARNING - 2023-05-13 10:05:31 --> Session: Sessions is enabled, and one exists.Please don't $session->start();
INFO - 2023-05-13 10:05:49 --> Session: Class initialized using 'CodeIgniter\Session\Handlers\FileHandler' driver.
WARNING - 2023-05-13 10:05:49 --> Session: Sessions is enabled, and one exists.Please don't $session->start();
INFO - 2023-05-13 10:05:49 --> Session: Class initialized using 'CodeIgniter\Session\Handlers\FileHandler' driver.
WARNING - 2023-05-13 10:05:49 --> Session: Sessions is enabled, and one exists.Please don't $session->start();
INFO - 2023-05-13 10:05:55 --> Session: Class initialized using 'CodeIgniter\Session\Handlers\FileHandler' driver.
WARNING - 2023-05-13 10:05:55 --> Session: Sessions is enabled, and one exists.Please don't $session->start();
INFO - 2023-05-13 10:05:55 --> Session: Class initialized using 'CodeIgniter\Session\Handlers\FileHandler' driver.
WARNING - 2023-05-13 10:05:55 --> Session: Sessions is enabled, and one exists.Please don't $session->start();
INFO - 2023-05-13 10:06:06 --> Session: Class initialized using 'CodeIgniter\Session\Handlers\FileHandler' driver.
WARNING - 2023-05-13 10:06:06 --> Session: Sessions is enabled, and one exists.Please don't $session->start();
INFO - 2023-05-13 10:06:06 --> Session: Class initialized using 'CodeIgniter\Session\Handlers\FileHandler' driver.
WARNING - 2023-05-13 10:06:06 --> Session: Sessions is enabled, and one exists.Please don't $session->start();
